Arena 0:
system bytes     =          0
in use bytes     =          0
Total (incl. mmap):
system bytes     =          0
in use bytes     =          0
max mmap regions =          0
max mmap bytes   =          0
[0.00 s] ['/home/local/tools/blender/blender', '-b', '-t', '6', '-P', 'main_part1.py', '---', '--idx', '14', '--name', '02_02', '--ishape', '0', '--stride', '50']
[0.00 s] input idx: 14
[0.00 s] input name: 02_02
[0.00 s] input ishape: 0
[0.00 s] input stride: 50
[0.00 s] runpass: 0
[0.00 s] output idx: 14
[0.00 s] sequence: 02_02
[0.00 s] nb_frames: 74.500000
[0.00 s] use_split: train
[0.00 s] Importing configuration
[0.02 s] Max ishape: 0
[0.02 s] GENERATED SEED 32169834 from string 'synth_data:14:0:0'
[0.02 s] Setup Blender
[0.02 s] Listing background images
[0.02 s] clothing: all
[0.02 s] Loading parts segmentation
[0.03 s] Building materials tree
[0.04 s] Loading smpl data
[0.08 s] Initializing scene
FBX Import: start importing smpl_data/basicModel_f_lbs_10_207_0_v1.0.2.fbx
FBX version: 7400
	FBX import: Prepare...
		Done (0.000155 sec)

	FBX import: Templates...
		Done (0.000028 sec)

	FBX import: Nodes...
		Done (0.000357 sec)

	FBX import: Connections...
		Done (0.000632 sec)

	FBX import: Meshes...
		Done (0.110256 sec)

	FBX import: Materials & Textures...
		Done (0.001438 sec)

	FBX import: Cameras & Lamps...
		Done (0.000153 sec)

	FBX import: Objects & Armatures...
		Done (0.015864 sec)

	FBX import: ShapeKeys...
		Done (3.078636 sec)

	FBX import: Animations...
		Done (0.000630 sec)

	FBX import: Assign materials...
		Done (0.000157 sec)

	FBX import: Assign textures...
		Done (0.000120 sec)

	FBX import: Cycles z-offset workaround...
		Done (0.000007 sec)

	Done (3.477466 sec)

Import finished.
[3.56 s] Creating materials segmentation
02_02
CAM LOC: <Vector (11.0000, -1.0000, 0.0000)> <class 'Vector'>
[5.20 s] Loading body data
298
[5.22 s] Loaded body data for 02_02
[5.48 s] Computing how many frames to allocate
[5.48 s] Allocating 2970 frames in mat file
[5.48 s] Working on /home/local/data/cmc/synthetic/run0/02_02/02_02_c0001_info.mat
[170.00 s] Rendering frame 0
[170.93 s] Rendering frame 1
[171.83 s] Rendering frame 2
[172.69 s] Rendering frame 3
[173.52 s] Rendering frame 4
[174.36 s] Rendering frame 5
[175.21 s] Rendering frame 6
[176.06 s] Rendering frame 7
[176.88 s] Rendering frame 8
[177.69 s] Rendering frame 9
[178.52 s] Rendering frame 10
[179.34 s] Rendering frame 11
[180.20 s] Rendering frame 12
[181.03 s] Rendering frame 13
[181.87 s] Rendering frame 14
[182.72 s] Rendering frame 15
[183.58 s] Rendering frame 16
[184.41 s] Rendering frame 17
[185.27 s] Rendering frame 18
[186.13 s] Rendering frame 19
[186.95 s] Rendering frame 20
[187.77 s] Rendering frame 21
[188.59 s] Rendering frame 22
[189.50 s] Rendering frame 23
[190.32 s] Rendering frame 24
[191.16 s] Rendering frame 25
[192.07 s] Rendering frame 26
[192.92 s] Rendering frame 27
[193.76 s] Rendering frame 28
[194.58 s] Rendering frame 29
[195.42 s] Rendering frame 30
[196.25 s] Rendering frame 31
[197.07 s] Rendering frame 32
[197.91 s] Rendering frame 33
[198.76 s] Rendering frame 34
[199.65 s] Rendering frame 35
[200.49 s] Rendering frame 36
[201.32 s] Rendering frame 37
[202.15 s] Rendering frame 38
[203.00 s] Rendering frame 39
[203.88 s] Rendering frame 40
[204.71 s] Rendering frame 41
[205.54 s] Rendering frame 42
[206.38 s] Rendering frame 43
[207.29 s] Rendering frame 44
[208.15 s] Rendering frame 45
[209.00 s] Rendering frame 46
[209.91 s] Rendering frame 47
[210.74 s] Rendering frame 48
[211.57 s] Rendering frame 49
[212.40 s] Rendering frame 50
[213.25 s] Rendering frame 51
[214.08 s] Rendering frame 52
[214.98 s] Rendering frame 53
[215.81 s] Rendering frame 54
[216.63 s] Rendering frame 55
[217.48 s] Rendering frame 56
[218.34 s] Rendering frame 57
[219.18 s] Rendering frame 58
[220.02 s] Rendering frame 59
[220.93 s] Rendering frame 60
[221.77 s] Rendering frame 61
[222.68 s] Rendering frame 62
[223.51 s] Rendering frame 63
[224.35 s] Rendering frame 64
[225.17 s] Rendering frame 65
[226.00 s] Rendering frame 66
[226.84 s] Rendering frame 67
[227.67 s] Rendering frame 68
[228.50 s] Rendering frame 69
[229.33 s] Rendering frame 70
[230.17 s] Rendering frame 71
[231.01 s] Rendering frame 72
[231.84 s] Rendering frame 73
[232.76 s] Rendering frame 74
[233.65 s] Rendering frame 75
[234.49 s] Rendering frame 76
[235.33 s] Rendering frame 77
[236.15 s] Rendering frame 78
[237.01 s] Rendering frame 79
[237.87 s] Rendering frame 80
[238.72 s] Rendering frame 81
[239.55 s] Rendering frame 82
[240.39 s] Rendering frame 83
[241.23 s] Rendering frame 84
[242.08 s] Rendering frame 85
[242.94 s] Rendering frame 86
[243.78 s] Rendering frame 87
